<?xml version="1.0" encoding="UTF-8"?>
<!-- Generated by org.testng.reporters.JUnitReportReporter -->
<testsuite hostname="admin-desktop" failures="0" tests="2" name="com.bridgelabz.rest.oauthtest.OAuth2Test" time="3.871" errors="0" timestamp="2019-12-26T16:06:01 IST" skipped="0">
  <testcase classname="com.bridgelabz.rest.oauthtest.OAuth2Test" name="accessValidAPI" time="2.025"/>
  <testcase classname="com.bridgelabz.rest.oauthtest.OAuth2Test" name="accessInvalidAPI" time="1.846"/>
</testsuite> <!-- com.bridgelabz.rest.oauthtest.OAuth2Test -->
