<?xml version="1.0" encoding="UTF-8"?>
<!-- Generated by org.testng.reporters.JUnitReportReporter -->
<testsuite hostname="admin-desktop" failures="0" tests="1" name="com.bridgelabz.rest.test.PutCallTest" time="0.975" errors="0" timestamp="2019-12-26T10:27:08 IST" skipped="0">
  <testcase classname="com.bridgelabz.rest.test.PutCallTest" name="putTest" time="0.975"/>
</testsuite> <!-- com.bridgelabz.rest.test.PutCallTest -->
