<?xml version="1.0" encoding="UTF-8"?>
<!-- Generated by org.testng.reporters.JUnitReportReporter -->
<testsuite hostname="admin-desktop" failures="0" tests="1" name="com.bridgelabz.rest.test.GetCallBDD" time="0.947" errors="0" timestamp="2019-12-25T13:32:50 IST" skipped="0">
  <testcase classname="com.bridgelabz.rest.test.GetCallBDD" name="testGetResponse" time="0.947"/>
</testsuite> <!-- com.bridgelabz.rest.test.GetCallBDD -->
