<?xml version="1.0" encoding="UTF-8"?>
<!-- Generated by org.testng.reporters.JUnitReportReporter -->
<testsuite hostname="admin-desktop" failures="0" tests="2" name="com.bridgelabz.rest.test.AuthenticationTest" time="2.765" errors="0" timestamp="2019-12-26T11:45:59 IST" skipped="0">
  <testcase classname="com.bridgelabz.rest.test.AuthenticationTest" name="authenticationTest" time="2.234"/>
  <testcase classname="com.bridgelabz.rest.test.AuthenticationTest" name="authenticationTestWithCredentials" time="0.531"/>
</testsuite> <!-- com.bridgelabz.rest.test.AuthenticationTest -->
