<?xml version="1.0" encoding="UTF-8"?>
<!-- Generated by org.testng.reporters.JUnitReportReporter -->
<testsuite hostname="admin-desktop" failures="0" tests="1" name="com.bridgelabz.rest.oauthtest.TwitterAPI" time="2.150" errors="0" timestamp="2019-12-26T15:11:02 IST" skipped="0">
  <testcase classname="com.bridgelabz.rest.oauthtest.TwitterAPI" name="postTweet" time="2.150"/>
</testsuite> <!-- com.bridgelabz.rest.oauthtest.TwitterAPI -->
