<?xml version="1.0" encoding="UTF-8"?>
<!-- Generated by org.testng.reporters.JUnitReportReporter -->
<testsuite hostname="admin-desktop" failures="0" tests="2" name="com.bridgelabz.rest.test.GetCallTest" time="0.924" errors="0" timestamp="2019-12-26T10:40:22 IST" skipped="0">
  <testcase classname="com.bridgelabz.rest.test.GetCallTest" name="getTest" time="0.018"/>
  <testcase classname="com.bridgelabz.rest.test.GetCallTest" name="getBodyTest" time="0.906"/>
</testsuite> <!-- com.bridgelabz.rest.test.GetCallTest -->
